2015/03/23 00:13:31 [error] [exception.CHttpException.404] exception 'CHttpException' with message 'Unable to find the code you requested.' in C:\wamp\www\YiiRoot\framework\gii\CCodeGenerator.php:90
Stack trace:
#0 C:\wamp\www\YiiRoot\framework\web\actions\CInlineAction.php(49): CCodeGenerator->actionCode()
#1 C:\wamp\www\YiiRoot\framework\web\CController.php(308): CInlineAction->runWithParams(Array)
#2 C:\wamp\www\YiiRoot\framework\web\CController.php(286): CController->runAction(Object(CInlineAction))
#3 C:\wamp\www\YiiRoot\framework\web\CController.php(265): CController->runActionWithFilters(Object(CInlineAction), Array)
#4 C:\wamp\www\YiiRoot\framework\web\CWebApplication.php(282): CController->run('code')
#5 C:\wamp\www\YiiRoot\framework\web\CWebApplication.php(141): CWebApplication->runController('gii/model/code')
#6 C:\wamp\www\YiiRoot\framework\base\CApplication.php(184): CWebApplication->processRequest()
#7 C:\wamp\www\NWT2015Tim14\index.php(13): CApplication->run()
#8 {main}
REQUEST_URI=/NWT2015Tim14/index.php?r=gii/model/code&id=0
HTTP_REFERER=http://localhost/NWT2015Tim14/index.php?r=gii/model/index
---
2015/03/23 00:19:45 [error] [exception.CHttpException.404] exception 'CHttpException' with message 'Unable to find the code you requested.' in C:\wamp\www\YiiRoot\framework\gii\CCodeGenerator.php:90
Stack trace:
#0 C:\wamp\www\YiiRoot\framework\web\actions\CInlineAction.php(49): CCodeGenerator->actionCode()
#1 C:\wamp\www\YiiRoot\framework\web\CController.php(308): CInlineAction->runWithParams(Array)
#2 C:\wamp\www\YiiRoot\framework\web\CController.php(286): CController->runAction(Object(CInlineAction))
#3 C:\wamp\www\YiiRoot\framework\web\CController.php(265): CController->runActionWithFilters(Object(CInlineAction), Array)
#4 C:\wamp\www\YiiRoot\framework\web\CWebApplication.php(282): CController->run('code')
#5 C:\wamp\www\YiiRoot\framework\web\CWebApplication.php(141): CWebApplication->runController('gii/model/code')
#6 C:\wamp\www\YiiRoot\framework\base\CApplication.php(184): CWebApplication->processRequest()
#7 C:\wamp\www\NWT2015Tim14\index.php(13): CApplication->run()
#8 {main}
REQUEST_URI=/NWT2015Tim14/index.php?r=gii/model/code&id=0
HTTP_REFERER=http://localhost/NWT2015Tim14/index.php?r=gii/model/index
---
2015/04/06 00:36:25 [error] [exception.CHttpException.404] exception 'CHttpException' with message 'The system is unable to find the requested action "ocjene".' in C:\wamp\www\YiiRoot\framework\web\CController.php:483
Stack trace:
#0 C:\wamp\www\YiiRoot\framework\web\CController.php(270): CController->missingAction('ocjene')
#1 C:\wamp\www\YiiRoot\framework\web\CWebApplication.php(282): CController->run('ocjene')
#2 C:\wamp\www\YiiRoot\framework\web\CWebApplication.php(141): CWebApplication->runController('api/ocjene/post')
#3 C:\wamp\www\YiiRoot\framework\base\CApplication.php(184): CWebApplication->processRequest()
#4 C:\wamp\www\NWT2015Tim14\index.php(13): CApplication->run()
#5 {main}
REQUEST_URI=/NWT2015Tim14/index.php/api/ocjene/post
---
2015/04/08 01:02:19 [error] [system.db.CDbCommand] CDbCommand::execute() failed: SQLSTATE[23000]: Integrity constraint violation: 1062 Duplicate entry '1' for key 'PRIMARY'. The SQL statement executed was: INSERT INTO `ocjene` (`idOcjena`, `vrijednost`, `Objekat_idObjekat`, `Korisnici_idKorisnik`) VALUES (:yp0, :yp1, :yp2, :yp3).
in E:\wamp\www\NWT2015Tim14\protected\controllers\ApiController.php (182)
in E:\wamp\www\NWT2015Tim14\index.php (13)
2015/04/08 01:02:19 [error] [exception.CDbException] exception 'CDbException' with message 'CDbCommand failed to execute the SQL statement: SQLSTATE[23000]: Integrity constraint violation: 1062 Duplicate entry '1' for key 'PRIMARY'. The SQL statement executed was: INSERT INTO `ocjene` (`idOcjena`, `vrijednost`, `Objekat_idObjekat`, `Korisnici_idKorisnik`) VALUES (:yp0, :yp1, :yp2, :yp3)' in E:\wamp\www\YiiRoot\framework\db\CDbCommand.php:358
Stack trace:
#0 E:\wamp\www\YiiRoot\framework\db\ar\CActiveRecord.php(1080): CDbCommand->execute()
#1 E:\wamp\www\YiiRoot\framework\db\ar\CActiveRecord.php(809): CActiveRecord->insert(NULL)
#2 E:\wamp\www\NWT2015Tim14\protected\controllers\ApiController.php(182): CActiveRecord->save()
#3 E:\wamp\www\YiiRoot\framework\web\actions\CInlineAction.php(49): ApiController->actionCreate()
#4 E:\wamp\www\YiiRoot\framework\web\CController.php(308): CInlineAction->runWithParams(Array)
#5 E:\wamp\www\YiiRoot\framework\web\CController.php(286): CController->runAction(Object(CInlineAction))
#6 E:\wamp\www\YiiRoot\framework\web\CController.php(265): CController->runActionWithFilters(Object(CInlineAction), Array)
#7 E:\wamp\www\YiiRoot\framework\web\CWebApplication.php(282): CController->run('create')
#8 E:\wamp\www\YiiRoot\framework\web\CWebApplication.php(141): CWebApplication->runController('api/create')
#9 E:\wamp\www\YiiRoot\framework\base\CApplication.php(184): CWebApplication->processRequest()
#10 E:\wamp\www\NWT2015Tim14\index.php(13): CApplication->run()
#11 {main}
REQUEST_URI=/NWT2015Tim14/index.php/api/ocjene
HTTP_REFERER=http://localhost/NWT2015Tim14/app/index.html
---
2015/04/08 01:02:22 [error] [system.db.CDbCommand] CDbCommand::execute() failed: SQLSTATE[23000]: Integrity constraint violation: 1062 Duplicate entry '1' for key 'PRIMARY'. The SQL statement executed was: INSERT INTO `ocjene` (`idOcjena`, `vrijednost`, `Objekat_idObjekat`, `Korisnici_idKorisnik`) VALUES (:yp0, :yp1, :yp2, :yp3).
in E:\wamp\www\NWT2015Tim14\protected\controllers\ApiController.php (182)
in E:\wamp\www\NWT2015Tim14\index.php (13)
2015/04/08 01:02:22 [error] [exception.CDbException] exception 'CDbException' with message 'CDbCommand failed to execute the SQL statement: SQLSTATE[23000]: Integrity constraint violation: 1062 Duplicate entry '1' for key 'PRIMARY'. The SQL statement executed was: INSERT INTO `ocjene` (`idOcjena`, `vrijednost`, `Objekat_idObjekat`, `Korisnici_idKorisnik`) VALUES (:yp0, :yp1, :yp2, :yp3)' in E:\wamp\www\YiiRoot\framework\db\CDbCommand.php:358
Stack trace:
#0 E:\wamp\www\YiiRoot\framework\db\ar\CActiveRecord.php(1080): CDbCommand->execute()
#1 E:\wamp\www\YiiRoot\framework\db\ar\CActiveRecord.php(809): CActiveRecord->insert(NULL)
#2 E:\wamp\www\NWT2015Tim14\protected\controllers\ApiController.php(182): CActiveRecord->save()
#3 E:\wamp\www\YiiRoot\framework\web\actions\CInlineAction.php(49): ApiController->actionCreate()
#4 E:\wamp\www\YiiRoot\framework\web\CController.php(308): CInlineAction->runWithParams(Array)
#5 E:\wamp\www\YiiRoot\framework\web\CController.php(286): CController->runAction(Object(CInlineAction))
#6 E:\wamp\www\YiiRoot\framework\web\CController.php(265): CController->runActionWithFilters(Object(CInlineAction), Array)
#7 E:\wamp\www\YiiRoot\framework\web\CWebApplication.php(282): CController->run('create')
#8 E:\wamp\www\YiiRoot\framework\web\CWebApplication.php(141): CWebApplication->runController('api/create')
#9 E:\wamp\www\YiiRoot\framework\base\CApplication.php(184): CWebApplication->processRequest()
#10 E:\wamp\www\NWT2015Tim14\index.php(13): CApplication->run()
#11 {main}
REQUEST_URI=/NWT2015Tim14/index.php/api/ocjene
HTTP_REFERER=http://localhost/NWT2015Tim14/app/index.html
---
2015/04/08 01:02:25 [error] [system.db.CDbCommand] CDbCommand::execute() failed: SQLSTATE[23000]: Integrity constraint violation: 1062 Duplicate entry '1' for key 'PRIMARY'. The SQL statement executed was: INSERT INTO `ocjene` (`idOcjena`, `vrijednost`, `Objekat_idObjekat`, `Korisnici_idKorisnik`) VALUES (:yp0, :yp1, :yp2, :yp3).
in E:\wamp\www\NWT2015Tim14\protected\controllers\ApiController.php (182)
in E:\wamp\www\NWT2015Tim14\index.php (13)
2015/04/08 01:02:25 [error] [exception.CDbException] exception 'CDbException' with message 'CDbCommand failed to execute the SQL statement: SQLSTATE[23000]: Integrity constraint violation: 1062 Duplicate entry '1' for key 'PRIMARY'. The SQL statement executed was: INSERT INTO `ocjene` (`idOcjena`, `vrijednost`, `Objekat_idObjekat`, `Korisnici_idKorisnik`) VALUES (:yp0, :yp1, :yp2, :yp3)' in E:\wamp\www\YiiRoot\framework\db\CDbCommand.php:358
Stack trace:
#0 E:\wamp\www\YiiRoot\framework\db\ar\CActiveRecord.php(1080): CDbCommand->execute()
#1 E:\wamp\www\YiiRoot\framework\db\ar\CActiveRecord.php(809): CActiveRecord->insert(NULL)
#2 E:\wamp\www\NWT2015Tim14\protected\controllers\ApiController.php(182): CActiveRecord->save()
#3 E:\wamp\www\YiiRoot\framework\web\actions\CInlineAction.php(49): ApiController->actionCreate()
#4 E:\wamp\www\YiiRoot\framework\web\CController.php(308): CInlineAction->runWithParams(Array)
#5 E:\wamp\www\YiiRoot\framework\web\CController.php(286): CController->runAction(Object(CInlineAction))
#6 E:\wamp\www\YiiRoot\framework\web\CController.php(265): CController->runActionWithFilters(Object(CInlineAction), Array)
#7 E:\wamp\www\YiiRoot\framework\web\CWebApplication.php(282): CController->run('create')
#8 E:\wamp\www\YiiRoot\framework\web\CWebApplication.php(141): CWebApplication->runController('api/create')
#9 E:\wamp\www\YiiRoot\framework\base\CApplication.php(184): CWebApplication->processRequest()
#10 E:\wamp\www\NWT2015Tim14\index.php(13): CApplication->run()
#11 {main}
REQUEST_URI=/NWT2015Tim14/index.php/api/ocjene
HTTP_REFERER=http://localhost/NWT2015Tim14/app/index.html
---
2015/04/08 01:02:27 [error] [system.db.CDbCommand] CDbCommand::execute() failed: SQLSTATE[23000]: Integrity constraint violation: 1062 Duplicate entry '1' for key 'PRIMARY'. The SQL statement executed was: INSERT INTO `ocjene` (`idOcjena`, `vrijednost`, `Objekat_idObjekat`, `Korisnici_idKorisnik`) VALUES (:yp0, :yp1, :yp2, :yp3).
in E:\wamp\www\NWT2015Tim14\protected\controllers\ApiController.php (182)
in E:\wamp\www\NWT2015Tim14\index.php (13)
2015/04/08 01:02:27 [error] [exception.CDbException] exception 'CDbException' with message 'CDbCommand failed to execute the SQL statement: SQLSTATE[23000]: Integrity constraint violation: 1062 Duplicate entry '1' for key 'PRIMARY'. The SQL statement executed was: INSERT INTO `ocjene` (`idOcjena`, `vrijednost`, `Objekat_idObjekat`, `Korisnici_idKorisnik`) VALUES (:yp0, :yp1, :yp2, :yp3)' in E:\wamp\www\YiiRoot\framework\db\CDbCommand.php:358
Stack trace:
#0 E:\wamp\www\YiiRoot\framework\db\ar\CActiveRecord.php(1080): CDbCommand->execute()
#1 E:\wamp\www\YiiRoot\framework\db\ar\CActiveRecord.php(809): CActiveRecord->insert(NULL)
#2 E:\wamp\www\NWT2015Tim14\protected\controllers\ApiController.php(182): CActiveRecord->save()
#3 E:\wamp\www\YiiRoot\framework\web\actions\CInlineAction.php(49): ApiController->actionCreate()
#4 E:\wamp\www\YiiRoot\framework\web\CController.php(308): CInlineAction->runWithParams(Array)
#5 E:\wamp\www\YiiRoot\framework\web\CController.php(286): CController->runAction(Object(CInlineAction))
#6 E:\wamp\www\YiiRoot\framework\web\CController.php(265): CController->runActionWithFilters(Object(CInlineAction), Array)
#7 E:\wamp\www\YiiRoot\framework\web\CWebApplication.php(282): CController->run('create')
#8 E:\wamp\www\YiiRoot\framework\web\CWebApplication.php(141): CWebApplication->runController('api/create')
#9 E:\wamp\www\YiiRoot\framework\base\CApplication.php(184): CWebApplication->processRequest()
#10 E:\wamp\www\NWT2015Tim14\index.php(13): CApplication->run()
#11 {main}
REQUEST_URI=/NWT2015Tim14/index.php/api/ocjene
HTTP_REFERER=http://localhost/NWT2015Tim14/app/index.html
---
2015/04/08 01:02:28 [error] [system.db.CDbCommand] CDbCommand::execute() failed: SQLSTATE[23000]: Integrity constraint violation: 1062 Duplicate entry '1' for key 'PRIMARY'. The SQL statement executed was: INSERT INTO `ocjene` (`idOcjena`, `vrijednost`, `Objekat_idObjekat`, `Korisnici_idKorisnik`) VALUES (:yp0, :yp1, :yp2, :yp3).
in E:\wamp\www\NWT2015Tim14\protected\controllers\ApiController.php (182)
in E:\wamp\www\NWT2015Tim14\index.php (13)
2015/04/08 01:02:28 [error] [exception.CDbException] exception 'CDbException' with message 'CDbCommand failed to execute the SQL statement: SQLSTATE[23000]: Integrity constraint violation: 1062 Duplicate entry '1' for key 'PRIMARY'. The SQL statement executed was: INSERT INTO `ocjene` (`idOcjena`, `vrijednost`, `Objekat_idObjekat`, `Korisnici_idKorisnik`) VALUES (:yp0, :yp1, :yp2, :yp3)' in E:\wamp\www\YiiRoot\framework\db\CDbCommand.php:358
Stack trace:
#0 E:\wamp\www\YiiRoot\framework\db\ar\CActiveRecord.php(1080): CDbCommand->execute()
#1 E:\wamp\www\YiiRoot\framework\db\ar\CActiveRecord.php(809): CActiveRecord->insert(NULL)
#2 E:\wamp\www\NWT2015Tim14\protected\controllers\ApiController.php(182): CActiveRecord->save()
#3 E:\wamp\www\YiiRoot\framework\web\actions\CInlineAction.php(49): ApiController->actionCreate()
#4 E:\wamp\www\YiiRoot\framework\web\CController.php(308): CInlineAction->runWithParams(Array)
#5 E:\wamp\www\YiiRoot\framework\web\CController.php(286): CController->runAction(Object(CInlineAction))
#6 E:\wamp\www\YiiRoot\framework\web\CController.php(265): CController->runActionWithFilters(Object(CInlineAction), Array)
#7 E:\wamp\www\YiiRoot\framework\web\CWebApplication.php(282): CController->run('create')
#8 E:\wamp\www\YiiRoot\framework\web\CWebApplication.php(141): CWebApplication->runController('api/create')
#9 E:\wamp\www\YiiRoot\framework\base\CApplication.php(184): CWebApplication->processRequest()
#10 E:\wamp\www\NWT2015Tim14\index.php(13): CApplication->run()
#11 {main}
REQUEST_URI=/NWT2015Tim14/index.php/api/ocjene
HTTP_REFERER=http://localhost/NWT2015Tim14/app/index.html
---
